<?xml version="1.0" encoding="UTF-8"?>
<testng-results skipped="0" failed="0" ignored="0" total="1" passed="1">
  <reporter-output>
  </reporter-output>
  <suite name="Default suite" duration-ms="71" started-at="2023-03-31T17:38:14 IST" finished-at="2023-03-31T17:38:14 IST">
    <groups>
    </groups>
    <test name="Default test" duration-ms="71" started-at="2023-03-31T17:38:14 IST" finished-at="2023-03-31T17:38:14 IST">
      <class name="com.PractisePackage.ParameterTest">
        <test-method status="PASS" signature="test()[pri:0, instance:com.PractisePackage.ParameterTest@e320068]" name="test" duration-ms="14" started-at="2023-03-31T17:38:14 IST" finished-at="2023-03-31T17:38:14 IST">
          <reporter-output>
          </reporter-output>
        </test-method> <!-- test -->
      </class> <!-- com.PractisePackage.ParameterTest -->
    </test> <!-- Default test -->
  </suite> <!-- Default suite -->
</testng-results>
